[1m============================= test session starts ==============================[0m
platform darwin -- Python 3.8.2, pytest-6.0.1, py-1.9.0, pluggy-0.13.1
rootdir: /private/var/folders/hv/p6g7p3p95d19gtm5cfkrk5w00000gn/T/process-executionuOZCLl
plugins: cov-2.8.1, icdiff-0.5, timeout-1.3.4, django-3.9.0
collected 18 items

src/python/toolchain/buildsense/ingestion/run_processors/processor_test.py [32m.[0m[32m [  5%]
[0m[32m.[0m[32m.[0m[32m.[0m[32m.[0m[32m.[0m[32m.[0m[32m.[0m[32m.[0m[32m.[0m[32m.[0m[32m                                                               [ 61%][0m
src/python/toolchain/buildsense/ingestion/run_processors/artifacts_test.py [32m.[0m[32m [ 66%]
[0m[32m.[0m[32m                                                                        [ 72%][0m
src/python/toolchain/buildsense/ingestion/run_processors/junit_xml_test.py [32m.[0m[32m [ 77%]
[0m[32m.[0m[32m.[0m[32m                                                                       [ 88%][0m
src/python/toolchain/buildsense/ingestion/run_processors/zipkin_trace_test.py [32m.[0m[32m [ 94%]
[0m[32m.[0m[32m                                                                        [100%][0m

[32m============================== [32m[1m18 passed[0m[32m in 0.97s[0m[32m ==============================[0m
